<?xml version="1.0" encoding="UTF-8"?>
<testng-results ignored="0" total="4" passed="4" failed="0" skipped="0">
  <reporter-output>
  </reporter-output>
  <suite started-at="2024-10-10T20:37:25 IST" name="Default suite" finished-at="2024-10-10T20:38:12 IST" duration-ms="46742">
    <groups>
    </groups>
    <test started-at="2024-10-10T20:37:25 IST" name="Default test" finished-at="2024-10-10T20:38:12 IST" duration-ms="46742">
      <class name="Entrata.com.entrataTestCaase">
        <test-method is-config="true" signature="setup()[pri:0, instance:Entrata.com.entrataTestCaase@58d75e99]" started-at="2024-10-10T20:37:26 IST" name="setup" finished-at="2024-10-10T20:37:28 IST" duration-ms="2028" status="PASS">
          <reporter-output>
          </reporter-output>
        </test-method> <!-- setup -->
        <test-method signature="signInToEntrata()[pri:0, instance:Entrata.com.entrataTestCaase@58d75e99]" started-at="2024-10-10T20:37:28 IST" name="signInToEntrata" finished-at="2024-10-10T20:37:40 IST" duration-ms="12558" status="PASS">
          <reporter-output>
          </reporter-output>
        </test-method> <!-- signInToEntrata -->
        <test-method is-config="true" signature="tearDown()[pri:0, instance:Entrata.com.entrataTestCaase@58d75e99]" started-at="2024-10-10T20:37:40 IST" name="tearDown" finished-at="2024-10-10T20:37:40 IST" duration-ms="297" status="PASS">
          <reporter-output>
          </reporter-output>
        </test-method> <!-- tearDown -->
        <test-method is-config="true" signature="setup()[pri:0, instance:Entrata.com.entrataTestCaase@58d75e99]" started-at="2024-10-10T20:37:40 IST" name="setup" finished-at="2024-10-10T20:37:42 IST" duration-ms="1343" status="PASS">
          <reporter-output>
          </reporter-output>
        </test-method> <!-- setup -->
        <test-method signature="testDynamicContentOnPage()[pri:0, instance:Entrata.com.entrataTestCaase@58d75e99]" started-at="2024-10-10T20:37:42 IST" name="testDynamicContentOnPage" finished-at="2024-10-10T20:37:48 IST" duration-ms="6215" status="PASS">
          <reporter-output>
          </reporter-output>
        </test-method> <!-- testDynamicContentOnPage -->
        <test-method is-config="true" signature="tearDown()[pri:0, instance:Entrata.com.entrataTestCaase@58d75e99]" started-at="2024-10-10T20:37:48 IST" name="tearDown" finished-at="2024-10-10T20:37:48 IST" duration-ms="267" status="PASS">
          <reporter-output>
          </reporter-output>
        </test-method> <!-- tearDown -->
        <test-method is-config="true" signature="setup()[pri:0, instance:Entrata.com.entrataTestCaase@58d75e99]" started-at="2024-10-10T20:37:48 IST" name="setup" finished-at="2024-10-10T20:37:49 IST" duration-ms="1231" status="PASS">
          <reporter-output>
          </reporter-output>
        </test-method> <!-- setup -->
        <test-method signature="verifyTitle()[pri:0, instance:Entrata.com.entrataTestCaase@58d75e99]" started-at="2024-10-10T20:37:49 IST" name="verifyTitle" finished-at="2024-10-10T20:37:54 IST" duration-ms="4619" status="PASS">
          <reporter-output>
          </reporter-output>
        </test-method> <!-- verifyTitle -->
        <test-method is-config="true" signature="tearDown()[pri:0, instance:Entrata.com.entrataTestCaase@58d75e99]" started-at="2024-10-10T20:37:54 IST" name="tearDown" finished-at="2024-10-10T20:37:54 IST" duration-ms="282" status="PASS">
          <reporter-output>
          </reporter-output>
        </test-method> <!-- tearDown -->
        <test-method is-config="true" signature="setup()[pri:0, instance:Entrata.com.entrataTestCaase@58d75e99]" started-at="2024-10-10T20:37:54 IST" name="setup" finished-at="2024-10-10T20:37:56 IST" duration-ms="1284" status="PASS">
          <reporter-output>
          </reporter-output>
        </test-method> <!-- setup -->
        <test-method signature="watchDemo()[pri:0, instance:Entrata.com.entrataTestCaase@58d75e99]" started-at="2024-10-10T20:37:56 IST" name="watchDemo" finished-at="2024-10-10T20:38:10 IST" duration-ms="14565" status="PASS">
          <reporter-output>
          </reporter-output>
        </test-method> <!-- watchDemo -->
        <test-method is-config="true" signature="tearDown()[pri:0, instance:Entrata.com.entrataTestCaase@58d75e99]" started-at="2024-10-10T20:38:10 IST" name="tearDown" finished-at="2024-10-10T20:38:12 IST" duration-ms="2011" status="PASS">
          <reporter-output>
          </reporter-output>
        </test-method> <!-- tearDown -->
      </class> <!-- Entrata.com.entrataTestCaase -->
    </test> <!-- Default test -->
  </suite> <!-- Default suite -->
</testng-results>
