<?xml version="1.0" encoding="UTF-8"?>
<!-- Generated by org.testng.reporters.JUnitXMLReporter -->
<testsuite ignored="0" hostname="NitinsDesktop007" failures="0" tests="4" name="Default test" time="46.742" errors="0" timestamp="2024-10-10T20:38:12 IST">
  <testcase classname="Entrata.com.entrataTestCaase" name="signInToEntrata" time="12.558"/>
  <testcase classname="Entrata.com.entrataTestCaase" name="testDynamicContentOnPage" time="6.215"/>
  <testcase classname="Entrata.com.entrataTestCaase" name="verifyTitle" time="4.619"/>
  <testcase classname="Entrata.com.entrataTestCaase" name="watchDemo" time="14.565"/>
</testsuite> <!-- Default test -->
